<?xml version="1.0" encoding="UTF-8"?>
<!-- Generated by org.testng.reporters.JUnitReportReporter -->
<testsuite hostname="Khurshid" failures="0" tests="3" name="testNG1.MyTestNG1" time="0.013" errors="0" timestamp="2024-06-25T21:26:22 EDT" skipped="0">
  <testcase classname="testNG1.MyTestNG1" name="TestExecution3" time="0.001"/>
  <system-out/>
  <testcase classname="testNG1.MyTestNG1" name="TestExecution1" time="0.009"/>
  <system-out/>
  <testcase classname="testNG1.MyTestNG1" name="TestExecution2" time="0.003"/>
  <system-out/>
</testsuite> <!-- testNG1.MyTestNG1 -->
